#
# A fatal error has been detected by the Java Runtime Environment:
#
#  SIGSEGV (0xb) at pc=0x0000000000000000, pid=10546, tid=140670256891648
#
# JRE version: 7.0_25
# Java VM: OpenJDK 64-Bit Server VM (23.7-b01 mixed mode linux-amd64 compressed oops)
# Problematic frame:
# C  0x0000000000000000
#
# Failed to write core dump. Core dumps have been disabled. To enable core dumping, try "ulimit -c unlimited" before starting Java again
#
# If you would like to submit a bug report, please include
# instructions on how to reproduce the bug and visit:
#   http://icedtea.classpath.org/bugzilla
#

---------------  T H R E A D  ---------------

Current thread (0x00007ff054009000):  JavaThread "main" [_thread_in_Java, id=10552, stack(0x00007ff058a14000,0x00007ff058b15000)]

siginfo:si_signo=SIGSEGV: si_errno=0, si_code=1 (SEGV_MAPERR), si_addr=0x0000000000000000

Registers:
RAX=0x0000000000000000, RBX=0x00000000bb217c28, RCX=0x00000000ec800da0, RDX=0x000000000c800001
RSP=0x00007ff058b12b70, RBP=0x00007ff058b12bc0, RSI=0x0000000000000000, RDI=0x00007ff054009000
R8 =0x00007ff0540096d8, R9 =0x0000000000000001, R10=0x00007ff059a546e0, R11=0x0000000000000001
R12=0x0000000000000000, R13=0x00007ff058b12b78, R14=0x00007ff058b12bc8, R15=0x00007ff054009000
RIP=0x0000000000000000, EFLAGS=0x0000000000010246, CSGSFS=0x0000000000000033, ERR=0x0000000000000014
  TRAPNO=0x000000000000000e

Top of Stack: (sp=0x00007ff058b12b70)
0x00007ff058b12b70:   00007ff051006450 00000000ec800da0
0x00007ff058b12b80:   00007ff058b12b80 00000000bb228a9b
0x00007ff058b12b90:   00007ff058b12bc8 00000000bb2be3d0
0x00007ff058b12ba0:   0000000000000000 00000000bb228ad8
0x00007ff058b12bb0:   00007ff058b12b78 00007ff058b12bd0
0x00007ff058b12bc0:   00007ff058b12c30 00007ff0510004f7
0x00007ff058b12bd0:   00007ff000001fa0 00007ff058b12cb0
0x00007ff058b12be0:   00007ff058b12dc0 00007ff054009000
0x00007ff058b12bf0:   00007ff058b12d40 00007ff054009688
0x00007ff058b12c00:   00007ff058b12c70 00007ff058b12dc8
0x00007ff058b12c10:   00007ff00000000a 00000000bb228ad8
0x00007ff058b12c20:   00007ff0510103a0 00007ff058b12d48
0x00007ff058b12c30:   00007ff058b12d10 00007ff0592d00fe
0x00007ff058b12c40:   00007ff000000000 00007ff054009000
0x00007ff058b12c50:   0000000a58b12c70 00007ff0510103a0
0x00007ff058b12c60:   00007ff058b12c70 00007ff054009000
0x00007ff058b12c70:   00007ff054009000 00007ff0540a8cf0
0x00007ff058b12c80:   00000000bb228ad8 0000000000000000
0x00007ff058b12c90:   00007ff058b136a0 00007ff051011f64
0x00007ff058b12ca0:   00007ff058b136f0 00007ff058b12dc0
0x00007ff058b12cb0:   00007ff054009000 00007ff054008820
0x00007ff058b12cc0:   00007ff0540094e0 00007ff054009690
0x00007ff058b12cd0:   00007ff0540098c8 00007ff058b12f20
0x00007ff058b12ce0:   00007ff059292e83 00007ff054009000
0x00007ff058b12cf0:   00000000bb228ad8 00007ff054008820
0x00007ff058b12d00:   0000000000000000 00007ff058b12e90
0x00007ff058b12d10:   00007ff058b12d30 00007ff0592ced98
0x00007ff058b12d20:   00007ff054009688 00000000bb228ad8
0x00007ff058b12d30:   00007ff058b12df0 00007ff05929322e
0x00007ff058b12d40:   00007ff058b12d60 00007fff213ff814
0x00007ff058b12d50:   00007ff058b12da0 0000000000000000
0x00007ff058b12d60:   00007ff058b12d80 00007fff213ff814 

Instructions: (pc=0x0000000000000000)
0xffffffffffffffe0:   

Register to memory mapping:

RAX=0x0000000000000000 is an unknown value
RBX=0x00000000bb217c28 is an oop
{method} 
 - klass: {other class}
RCX=0x00000000ec800da0 is an oop
java.lang.Class 
 - klass: 'java/lang/Class'
RDX=0x000000000c800001 is an unknown value
RSP=0x00007ff058b12b70 is pointing into the stack for thread: 0x00007ff054009000
RBP=0x00007ff058b12bc0 is pointing into the stack for thread: 0x00007ff054009000
RSI=0x0000000000000000 is an unknown value
RDI=0x00007ff054009000 is a thread
R8 =0x00007ff0540096d8 is an unknown value
R9 =0x0000000000000001 is an unknown value
R10=0x00007ff059a546e0: <offset 0xcbb6e0> in /usr/lib/jvm/java-1.7.0-openjdk-1.7.0.25.x86_64/jre/lib/amd64/server/libjvm.so at 0x00007ff058d99000
R11=0x0000000000000001 is an unknown value
R12=0x0000000000000000 is an unknown value
R13=0x00007ff058b12b78 is pointing into the stack for thread: 0x00007ff054009000
R14=0x00007ff058b12bc8 is pointing into the stack for thread: 0x00007ff054009000
R15=0x00007ff054009000 is a thread


Stack: [0x00007ff058a14000,0x00007ff058b15000],  sp=0x00007ff058b12b70,  free space=1018k

---------------  P R O C E S S  ---------------

Java Threads: ( => current thread )
  0x00007ff0540af800 JavaThread "Reference Handler" daemon [_thread_blocked, id=10558, stack(0x00007ff048bda000,0x00007ff048cdb000)]
=>0x00007ff054009000 JavaThread "main" [_thread_in_Java, id=10552, stack(0x00007ff058a14000,0x00007ff058b15000)]

Other Threads:
  0x00007ff0540a7800 VMThread [stack: 0x00007ff048cdb000,0x00007ff048ddc000] [id=10557]

VM state:not at safepoint (normal execution)

VM Mutex/Monitor currently owned by a thread: None

Heap
 PSYoungGen      total 17472K, used 300K [0x00000000ec800000, 0x00000000edb70000, 0x0000000100000000)
  eden space 15040K, 2% used [0x00000000ec800000,0x00000000ec84b3a0,0x00000000ed6b0000)
  from space 2432K, 0% used [0x00000000ed910000,0x00000000ed910000,0x00000000edb70000)
  to   space 2432K, 0% used [0x00000000ed6b0000,0x00000000ed6b0000,0x00000000ed910000)
 ParOldGen       total 39936K, used 0K [0x00000000c5800000, 0x00000000c7f00000, 0x00000000ec800000)
  object space 39936K, 0% used [0x00000000c5800000,0x00000000c5800000,0x00000000c7f00000)
 PSPermGen       total 21248K, used 918K [0x00000000bb200000, 0x00000000bc6c0000, 0x00000000c5800000)
  object space 21248K, 4% used [0x00000000bb200000,0x00000000bb2e59a0,0x00000000bc6c0000)

Card table byte_map: [0x00007ff0580eb000,0x00007ff058313000] byte_map_base: 0x00007ff057b12000

Polling page: 0x00007ff059a97000

Code Cache  [0x00007ff051000000, 0x00007ff051270000, 0x00007ff054000000)
 total_blobs=61 nmethods=0 adapters=37 free_code_cache=48825Kb largest_free_block=49997376

Compilation events (0 events):
No events

GC Heap History (0 events):
No events

Deoptimization events (0 events):
No events

Internal exceptions (0 events):
No events

Events (10 events):
Event: 0.017 loading class 0x00007ff05407ba70 done
Event: 0.017 Thread 0x00007ff0540af800 Thread added: 0x00007ff0540af800
Event: 0.017 loading class 0x00007ff05407bb10
Event: 0.017 loading class 0x00007ff05407bb10 done
Event: 0.017 loading class 0x00007ff0540b1970
Event: 0.017 loading class 0x00007ff0540b1970 done
Event: 0.017 loading class 0x00007ff0540b1900
Event: 0.017 loading class 0x00007ff0540b1900 done
Event: 0.017 loading class 0x00007ff05407c380
Event: 0.017 loading class 0x00007ff05407c380 done


Dynamic libraries:
00400000-00401000 r-xp 00000000 08:01 313784                             /usr/lib/jvm/java-1.7.0-openjdk-1.7.0.25.x86_64/bin/java
00600000-00602000 rw-p 00000000 08:01 313784                             /usr/lib/jvm/java-1.7.0-openjdk-1.7.0.25.x86_64/bin/java
02315000-02336000 rw-p 00000000 00:00 0                                  [heap]
bb200000-bc6c0000 rw-p 00000000 00:00 0 
bc6c0000-c5800000 rw-p 00000000 00:00 0 
c5800000-c7f00000 rw-p 00000000 00:00 0 
c7f00000-ec800000 rw-p 00000000 00:00 0 
ec800000-edb70000 rw-p 00000000 00:00 0 
edb70000-100000000 rw-p 00000000 00:00 0 
39a5800000-39a5820000 r-xp 00000000 08:01 647198                         /lib64/ld-2.12.so
39a5a1f000-39a5a20000 r--p 0001f000 08:01 647198                         /lib64/ld-2.12.so
39a5a20000-39a5a21000 rw-p 00020000 08:01 647198                         /lib64/ld-2.12.so
39a5a21000-39a5a22000 rw-p 00000000 00:00 0 
39a5c00000-39a5c0d000 r-xp 00000000 08:01 226490                         /usr/lib/jvm/java-1.7.0-openjdk-1.7.0.25.x86_64/jre/lib/amd64/jli/libjli.so
39a5c0d000-39a5e0c000 ---p 0000d000 08:01 226490                         /usr/lib/jvm/java-1.7.0-openjdk-1.7.0.25.x86_64/jre/lib/amd64/jli/libjli.so
39a5e0c000-39a5e0d000 rw-p 0000c000 08:01 226490                         /usr/lib/jvm/java-1.7.0-openjdk-1.7.0.25.x86_64/jre/lib/amd64/jli/libjli.so
39a6000000-39a618a000 r-xp 00000000 08:01 647211                         /lib64/libc-2.12.so
39a618a000-39a6389000 ---p 0018a000 08:01 647211                         /lib64/libc-2.12.so
39a6389000-39a638d000 r--p 00189000 08:01 647211                         /lib64/libc-2.12.so
39a638d000-39a638e000 rw-p 0018d000 08:01 647211                         /lib64/libc-2.12.so
39a638e000-39a6393000 rw-p 00000000 00:00 0 
39a6400000-39a6402000 r-xp 00000000 08:01 647573                         /lib64/libdl-2.12.so
39a6402000-39a6602000 ---p 00002000 08:01 647573                         /lib64/libdl-2.12.so
39a6602000-39a6603000 r--p 00002000 08:01 647573                         /lib64/libdl-2.12.so
39a6603000-39a6604000 rw-p 00003000 08:01 647573                         /lib64/libdl-2.12.so
39a6800000-39a6817000 r-xp 00000000 08:01 647232                         /lib64/libpthread-2.12.so
39a6817000-39a6a17000 ---p 00017000 08:01 647232                         /lib64/libpthread-2.12.so
39a6a17000-39a6a18000 r--p 00017000 08:01 647232                         /lib64/libpthread-2.12.so
39a6a18000-39a6a19000 rw-p 00018000 08:01 647232                         /lib64/libpthread-2.12.so
39a6a19000-39a6a1d000 rw-p 00000000 00:00 0 
39a6c00000-39a6c15000 r-xp 00000000 08:01 647309                         /lib64/libz.so.1.2.3
39a6c15000-39a6e14000 ---p 00015000 08:01 647309                         /lib64/libz.so.1.2.3
39a6e14000-39a6e15000 r--p 00014000 08:01 647309                         /lib64/libz.so.1.2.3
39a6e15000-39a6e16000 rw-p 00015000 08:01 647309                         /lib64/libz.so.1.2.3
39a7000000-39a7007000 r-xp 00000000 08:01 647574                         /lib64/librt-2.12.so
39a7007000-39a7206000 ---p 00007000 08:01 647574                         /lib64/librt-2.12.so
39a7206000-39a7207000 r--p 00006000 08:01 647574                         /lib64/librt-2.12.so
39a7207000-39a7208000 rw-p 00007000 08:01 647574                         /lib64/librt-2.12.so
39a7400000-39a740a000 r-xp 00000000 08:01 241677                         /lib64/libnss_nis-2.12.so
39a740a000-39a7609000 ---p 0000a000 08:01 241677                         /lib64/libnss_nis-2.12.so
39a7609000-39a760a000 r--p 00009000 08:01 241677                         /lib64/libnss_nis-2.12.so
39a760a000-39a760b000 rw-p 0000a000 08:01 241677                         /lib64/libnss_nis-2.12.so
39a7c00000-39a7c0c000 r-xp 00000000 08:01 241569                         /lib64/libnss_files-2.12.so
39a7c0c000-39a7e0c000 ---p 0000c000 08:01 241569                         /lib64/libnss_files-2.12.so
39a7e0c000-39a7e0d000 r--p 0000c000 08:01 241569                         /lib64/libnss_files-2.12.so
39a7e0d000-39a7e0e000 rw-p 0000d000 08:01 241569                         /lib64/libnss_files-2.12.so
39ac400000-39ac416000 r-xp 00000000 08:01 647578                         /lib64/libgcc_s-4.4.7-20120601.so.1
39ac416000-39ac615000 ---p 00016000 08:01 647578                         /lib64/libgcc_s-4.4.7-20120601.so.1
39ac615000-39ac616000 rw-p 00015000 08:01 647578                         /lib64/libgcc_s-4.4.7-20120601.so.1
39ac800000-39ac8e8000 r-xp 00000000 08:01 129870                         /usr/lib64/libstdc++.so.6.0.13
39ac8e8000-39acae8000 ---p 000e8000 08:01 129870                         /usr/lib64/libstdc++.so.6.0.13
39acae8000-39acaef000 r--p 000e8000 08:01 129870                         /usr/lib64/libstdc++.so.6.0.13
39acaef000-39acaf1000 rw-p 000ef000 08:01 129870                         /usr/lib64/libstdc++.so.6.0.13
39acaf1000-39acb06000 rw-p 00000000 00:00 0 
39b6a00000-39b6a16000 r-xp 00000000 08:01 237586                         /lib64/libnsl-2.12.so
39b6a16000-39b6c15000 ---p 00016000 08:01 237586                         /lib64/libnsl-2.12.so
39b6c15000-39b6c16000 r--p 00015000 08:01 237586                         /lib64/libnsl-2.12.so
39b6c16000-39b6c17000 rw-p 00016000 08:01 237586                         /lib64/libnsl-2.12.so
39b6c17000-39b6c19000 rw-p 00000000 00:00 0 
7ff02c000000-7ff02c021000 rw-p 00000000 00:00 0 
7ff02c021000-7ff030000000 ---p 00000000 00:00 0 
7ff034000000-7ff034021000 rw-p 00000000 00:00 0 
7ff034021000-7ff038000000 ---p 00000000 00:00 0 
7ff038000000-7ff038021000 rw-p 00000000 00:00 0 
7ff038021000-7ff03c000000 ---p 00000000 00:00 0 
7ff03c000000-7ff03c021000 rw-p 00000000 00:00 0 
7ff03c021000-7ff040000000 ---p 00000000 00:00 0 
7ff044000000-7ff044021000 rw-p 00000000 00:00 0 
7ff044021000-7ff048000000 ---p 00000000 00:00 0 
7ff048ad9000-7ff048bda000 rw-p 00000000 00:00 0 
7ff048bda000-7ff048bdd000 ---p 00000000 00:00 0 
7ff048bdd000-7ff048cdb000 rw-p 00000000 00:00 0 
7ff048cdb000-7ff048cdc000 ---p 00000000 00:00 0 
7ff048cdc000-7ff04c000000 rw-p 00000000 00:00 0 
7ff04c000000-7ff04c021000 rw-p 00000000 00:00 0 
7ff04c021000-7ff050000000 ---p 00000000 00:00 0 
7ff05000f000-7ff05007b000 rw-p 00000000 00:00 0 
7ff05007b000-7ff050228000 r--s 03e93000 08:01 225177                     /usr/lib/jvm/java-1.7.0-openjdk-1.7.0.25.x86_64/jre/lib/rt.jar
7ff050228000-7ff050ac4000 rw-p 00000000 00:00 0 
7ff050ac4000-7ff050ac5000 ---p 00000000 00:00 0 
7ff050ac5000-7ff050bc5000 rw-p 00000000 00:00 0 
7ff050bc5000-7ff050bc6000 ---p 00000000 00:00 0 
7ff050bc6000-7ff050cc6000 rw-p 00000000 00:00 0 
7ff050cc6000-7ff050cc7000 ---p 00000000 00:00 0 
7ff050cc7000-7ff050dc7000 rw-p 00000000 00:00 0 
7ff050dc7000-7ff050dc8000 ---p 00000000 00:00 0 
7ff050dc8000-7ff050edc000 rw-p 00000000 00:00 0 
7ff050edc000-7ff051000000 rw-p 00000000 00:00 0 
7ff051000000-7ff051270000 rwxp 00000000 00:00 0 
7ff051270000-7ff0540b4000 rw-p 00000000 00:00 0 
7ff0540b4000-7ff058000000 ---p 00000000 00:00 0 
7ff058070000-7ff0580a3000 rw-p 00000000 00:00 0 
7ff0580a3000-7ff0580eb000 rw-p 00000000 00:00 0 
7ff0580eb000-7ff0580f6000 rw-p 00000000 00:00 0 
7ff0580f6000-7ff05813e000 rw-p 00000000 00:00 0 
7ff05813e000-7ff058152000 rw-p 00000000 00:00 0 
7ff058152000-7ff058276000 rw-p 00000000 00:00 0 
7ff058276000-7ff058280000 rw-p 00000000 00:00 0 
7ff058280000-7ff058312000 rw-p 00000000 00:00 0 
7ff058312000-7ff05831d000 rw-p 00000000 00:00 0 
7ff05831d000-7ff0583d3000 rw-p 00000000 00:00 0 
7ff0583d3000-7ff0583db000 r-xp 00000000 08:01 225118                     /usr/lib/jvm/java-1.7.0-openjdk-1.7.0.25.x86_64/jre/lib/amd64/libzip.so
7ff0583db000-7ff0585da000 ---p 00008000 08:01 225118                     /usr/lib/jvm/java-1.7.0-openjdk-1.7.0.25.x86_64/jre/lib/amd64/libzip.so
7ff0585da000-7ff0585db000 rw-p 00007000 08:01 225118                     /usr/lib/jvm/java-1.7.0-openjdk-1.7.0.25.x86_64/jre/lib/amd64/libzip.so
7ff0585db000-7ff058604000 r-xp 00000000 08:01 225095                     /usr/lib/jvm/java-1.7.0-openjdk-1.7.0.25.x86_64/jre/lib/amd64/libjava.so
7ff058604000-7ff058803000 ---p 00029000 08:01 225095                     /usr/lib/jvm/java-1.7.0-openjdk-1.7.0.25.x86_64/jre/lib/amd64/libjava.so
7ff058803000-7ff058805000 rw-p 00028000 08:01 225095                     /usr/lib/jvm/java-1.7.0-openjdk-1.7.0.25.x86_64/jre/lib/amd64/libjava.so
7ff058805000-7ff058812000 r-xp 00000000 08:01 225117                     /usr/lib/jvm/java-1.7.0-openjdk-1.7.0.25.x86_64/jre/lib/amd64/libverify.so
7ff058812000-7ff058a12000 ---p 0000d000 08:01 225117                     /usr/lib/jvm/java-1.7.0-openjdk-1.7.0.25.x86_64/jre/lib/amd64/libverify.so
7ff058a12000-7ff058a14000 rw-p 0000d000 08:01 225117                     /usr/lib/jvm/java-1.7.0-openjdk-1.7.0.25.x86_64/jre/lib/amd64/libverify.so
7ff058a14000-7ff058a17000 ---p 00000000 00:00 0 
7ff058a17000-7ff058b15000 rw-p 00000000 00:00 0 
7ff058b15000-7ff058b98000 r-xp 00000000 08:01 647577                     /lib64/libm-2.12.so
7ff058b98000-7ff058d97000 ---p 00083000 08:01 647577                     /lib64/libm-2.12.so
7ff058d97000-7ff058d98000 r--p 00082000 08:01 647577                     /lib64/libm-2.12.so
7ff058d98000-7ff058d99000 rw-p 00083000 08:01 647577                     /lib64/libm-2.12.so
7ff058d99000-7ff0597a2000 r-xp 00000000 08:01 225122                     /usr/lib/jvm/java-1.7.0-openjdk-1.7.0.25.x86_64/jre/lib/amd64/server/libjvm.so
7ff0597a2000-7ff0599a2000 ---p 00a09000 08:01 225122                     /usr/lib/jvm/java-1.7.0-openjdk-1.7.0.25.x86_64/jre/lib/amd64/server/libjvm.so
7ff0599a2000-7ff059a43000 rw-p 00a09000 08:01 225122                     /usr/lib/jvm/java-1.7.0-openjdk-1.7.0.25.x86_64/jre/lib/amd64/server/libjvm.so
7ff059a43000-7ff059a71000 rw-p 00000000 00:00 0 
7ff059a8e000-7ff059a96000 rw-s 00000000 08:01 191606                     /tmp/hsperfdata_jwenzel1/10546
7ff059a96000-7ff059a97000 rw-p 00000000 00:00 0 
7ff059a97000-7ff059a98000 r--p 00000000 00:00 0 
7ff059a98000-7ff059a99000 rw-p 00000000 00:00 0 
7fff213bd000-7fff213d2000 rw-p 00000000 00:00 0                          [stack]
7fff213ff000-7fff21400000 r-xp 00000000 00:00 0                          [vdso]
ffffffffff600000-ffffffffff601000 r-xp 00000000 00:00 0                  [vsyscall]

VM Arguments:
jvm_args: -Djava.security.policy=java.policy.applet -Dfile.encoding=UTF-8 
java_command: sun.applet.AppletViewer lab8.ShapeDriver1383246260884.html
Launcher Type: SUN_STANDARD

Environment Variables:
PATH=/afs/umbc.edu/users/j/w/jwenzel1/home/bin:/usr/bsd:/usr/bin:/bin:/usr/sbin:/sbin:/usr/bin/X11:/usr/local/X11:/etc:/usr/etc:.:/usr/kerberos/bin:/usr/k5/bin:/usr/afsws/bin:/bin:/usr/java/bin:/usr/local/bin
SHELL=/bin/tcsh
DISPLAY=:0.0
HOSTTYPE=x86_64-linux
OSTYPE=linux
MACHTYPE=x86_64

Signal Handlers:
SIGSEGV: [libjvm.so+0x86e280], sa_mask[0]=0x7ffbfeff, sa_flags=0x10000004
SIGBUS: [libjvm.so+0x86e280], sa_mask[0]=0x7ffbfeff, sa_flags=0x10000004
SIGFPE: [libjvm.so+0x716d30], sa_mask[0]=0x7ffbfeff, sa_flags=0x10000004
SIGPIPE: [libjvm.so+0x716d30], sa_mask[0]=0x7ffbfeff, sa_flags=0x10000004
SIGXFSZ: [libjvm.so+0x716d30], sa_mask[0]=0x7ffbfeff, sa_flags=0x10000004
SIGILL: [libjvm.so+0x716d30], sa_mask[0]=0x7ffbfeff, sa_flags=0x10000004
SIGUSR1: SIG_DFL, sa_mask[0]=0x00000000, sa_flags=0x00000000
SIGUSR2: [libjvm.so+0x716850], sa_mask[0]=0x00000004, sa_flags=0x10000004
SIGHUP: SIG_DFL, sa_mask[0]=0x00000000, sa_flags=0x00000000
SIGINT: SIG_DFL, sa_mask[0]=0x00000000, sa_flags=0x00000000
SIGTERM: SIG_DFL, sa_mask[0]=0x00000000, sa_flags=0x00000000
SIGQUIT: SIG_DFL, sa_mask[0]=0x00000000, sa_flags=0x00000000


---------------  S Y S T E M  ---------------

OS:Red Hat Enterprise Linux Workstation release 6.4 (Santiago)

uname:Linux 2.6.32-358.18.1.el6.x86_64 #1 SMP Fri Aug 2 17:04:38 EDT 2013 x86_64
libc:glibc 2.12 NPTL 2.12 
rlimit: STACK 10240k, CORE 0k, NPROC 150, NOFILE 4096, AS infinity
load average:0.00 0.05 0.07

/proc/meminfo:
MemTotal:        3827956 kB
MemFree:         1170300 kB
Buffers:          102236 kB
Cached:          1547800 kB
SwapCached:            0 kB
Active:          1898244 kB
Inactive:         489664 kB
Active(anon):     738152 kB
Inactive(anon):     4660 kB
Active(file):    1160092 kB
Inactive(file):   485004 kB
Unevictable:           0 kB
Mlocked:               0 kB
SwapTotal:             0 kB
SwapFree:              0 kB
Dirty:               192 kB
Writeback:             0 kB
AnonPages:        731952 kB
Mapped:           103732 kB
Shmem:              4940 kB
Slab:             186964 kB
SReclaimable:     147432 kB
SUnreclaim:        39532 kB
KernelStack:        3136 kB
PageTables:        28812 kB
NFS_Unstable:          0 kB
Bounce:                0 kB
WritebackTmp:          0 kB
CommitLimit:     1913976 kB
Committed_AS:    1672280 kB
VmallocTotal:   34359738367 kB
VmallocUsed:       87604 kB
VmallocChunk:   34359568592 kB
HardwareCorrupted:     0 kB
AnonHugePages:    509952 kB
HugePages_Total:       0
HugePages_Free:        0
HugePages_Rsvd:        0
HugePages_Surp:        0
Hugepagesize:       2048 kB
DirectMap4k:        6144 kB
DirectMap2M:     4098048 kB


CPU:total 4 (2 cores per cpu, 2 threads per core) family 6 model 42 stepping 7, cmov, cx8, fxsr, mmx, sse, sse2, sse3, ssse3, sse4.1, sse4.2, popcnt, avx, ht, tsc, tscinvbit

/proc/cpuinfo:
processor	: 0
vendor_id	: GenuineIntel
cpu family	: 6
model		: 42
model name	: Intel(R) Core(TM) i3-2120 CPU @ 3.30GHz
stepping	: 7
cpu MHz		: 1600.000
cache size	: 3072 KB
physical id	: 0
siblings	: 4
core id		: 0
cpu cores	: 2
apicid		: 0
initial apicid	: 0
fpu		: yes
fpu_exception	: yes
cpuid level	: 13
wp		: yes
flags		: fpu vme de pse tsc msr pae mce cx8 apic sep mtrr pge mca cmov pat pse36 clflush dts acpi mmx fxsr sse sse2 ss ht tm pbe syscall nx rdtscp lm constant_tsc arch_perfmon pebs bts rep_good xtopology nonstop_tsc aperfmperf pni pclmulqdq dtes64 monitor ds_cpl vmx est tm2 ssse3 cx16 xtpr pdcm pcid sse4_1 sse4_2 popcnt tsc_deadline_timer xsave avx lahf_lm arat epb xsaveopt pln pts dts tpr_shadow vnmi flexpriority ept vpid
bogomips	: 6585.42
clflush size	: 64
cache_alignment	: 64
address sizes	: 36 bits physical, 48 bits virtual
power management:

processor	: 1
vendor_id	: GenuineIntel
cpu family	: 6
model		: 42
model name	: Intel(R) Core(TM) i3-2120 CPU @ 3.30GHz
stepping	: 7
cpu MHz		: 3300.000
cache size	: 3072 KB
physical id	: 0
siblings	: 4
core id		: 1
cpu cores	: 2
apicid		: 2
initial apicid	: 2
fpu		: yes
fpu_exception	: yes
cpuid level	: 13
wp		: yes
flags		: fpu vme de pse tsc msr pae mce cx8 apic sep mtrr pge mca cmov pat pse36 clflush dts acpi mmx fxsr sse sse2 ss ht tm pbe syscall nx rdtscp lm constant_tsc arch_perfmon pebs bts rep_good xtopology nonstop_tsc aperfmperf pni pclmulqdq dtes64 monitor ds_cpl vmx est tm2 ssse3 cx16 xtpr pdcm pcid sse4_1 sse4_2 popcnt tsc_deadline_timer xsave avx lahf_lm arat epb xsaveopt pln pts dts tpr_shadow vnmi flexpriority ept vpid
bogomips	: 6585.42
clflush size	: 64
cache_alignment	: 64
address sizes	: 36 bits physical, 48 bits virtual
power management:

processor	: 2
vendor_id	: GenuineIntel
cpu family	: 6
model		: 42
model name	: Intel(R) Core(TM) i3-2120 CPU @ 3.30GHz
stepping	: 7
cpu MHz		: 3300.000
cache size	: 3072 KB
physical id	: 0
siblings	: 4
core id		: 0
cpu cores	: 2
apicid		: 1
initial apicid	: 1
fpu		: yes
fpu_exception	: yes
cpuid level	: 13
wp		: yes
flags		: fpu vme de pse tsc msr pae mce cx8 apic sep mtrr pge mca cmov pat pse36 clflush dts acpi mmx fxsr sse sse2 ss ht tm pbe syscall nx rdtscp lm constant_tsc arch_perfmon pebs bts rep_good xtopology nonstop_tsc aperfmperf pni pclmulqdq dtes64 monitor ds_cpl vmx est tm2 ssse3 cx16 xtpr pdcm pcid sse4_1 sse4_2 popcnt tsc_deadline_timer xsave avx lahf_lm arat epb xsaveopt pln pts dts tpr_shadow vnmi flexpriority ept vpid
bogomips	: 6585.42
clflush size	: 64
cache_alignment	: 64
address sizes	: 36 bits physical, 48 bits virtual
power management:

processor	: 3
vendor_id	: GenuineIntel
cpu family	: 6
model		: 42
model name	: Intel(R) Core(TM) i3-2120 CPU @ 3.30GHz
stepping	: 7
cpu MHz		: 1600.000
cache size	: 3072 KB
physical id	: 0
siblings	: 4
core id		: 1
cpu cores	: 2
apicid		: 3
initial apicid	: 3
fpu		: yes
fpu_exception	: yes
cpuid level	: 13
wp		: yes
flags		: fpu vme de pse tsc msr pae mce cx8 apic sep mtrr pge mca cmov pat pse36 clflush dts acpi mmx fxsr sse sse2 ss ht tm pbe syscall nx rdtscp lm constant_tsc arch_perfmon pebs bts rep_good xtopology nonstop_tsc aperfmperf pni pclmulqdq dtes64 monitor ds_cpl vmx est tm2 ssse3 cx16 xtpr pdcm pcid sse4_1 sse4_2 popcnt tsc_deadline_timer xsave avx lahf_lm arat epb xsaveopt pln pts dts tpr_shadow vnmi flexpriority ept vpid
bogomips	: 6585.42
clflush size	: 64
cache_alignment	: 64
address sizes	: 36 bits physical, 48 bits virtual
power management:



Memory: 4k page, physical 3827956k(1170176k free), swap 0k(0k free)

vm_info: OpenJDK 64-Bit Server VM (23.7-b01) for linux-amd64 JRE (1.7.0_25-mockbuild_2013_06_26_07_26-b00), built on Jun 26 2013 07:29:31 by "mockbuild" with gcc 4.4.7 20120313 (Red Hat 4.4.7-3)

time: Thu Oct 31 15:04:20 2013
elapsed time: 0 seconds

