#
# A fatal error has been detected by the Java Runtime Environment:
#
#  SIGSEGV (0xb) at pc=0x0000000000000000, pid=10488, tid=139739385349888
#
# JRE version: 7.0_25
# Java VM: OpenJDK 64-Bit Server VM (23.7-b01 mixed mode linux-amd64 compressed oops)
# Problematic frame:
# C  0x0000000000000000
#
# Failed to write core dump. Core dumps have been disabled. To enable core dumping, try "ulimit -c unlimited" before starting Java again
#
# If you would like to submit a bug report, please include
# instructions on how to reproduce the bug and visit:
#   http://icedtea.classpath.org/bugzilla
#

---------------  T H R E A D  ---------------

Current thread (0x00007f1798008800):  JavaThread "main" [_thread_in_Java, id=10490, stack(0x00007f179c5cc000,0x00007f179c6cd000)]

siginfo:si_signo=SIGSEGV: si_errno=0, si_code=1 (SEGV_MAPERR), si_addr=0x0000000000000000

Registers:
RAX=0x0000000000000000, RBX=0x00000000bb217c28, RCX=0x00000000ec800da0, RDX=0x000000000c800001
RSP=0x00007f179c6cab70, RBP=0x00007f179c6cabc0, RSI=0x0000000000000000, RDI=0x00007f1798008800
R8 =0x00007f1798009408, R9 =0x0000000000000001, R10=0x00007f179d60c6e0, R11=0x0000000000000001
R12=0x0000000000000000, R13=0x00007f179c6cab78, R14=0x00007f179c6cabc8, R15=0x00007f1798008800
RIP=0x0000000000000000, EFLAGS=0x0000000000010246, CSGSFS=0x0000000000000033, ERR=0x0000000000000014
  TRAPNO=0x000000000000000e

Top of Stack: (sp=0x00007f179c6cab70)
0x00007f179c6cab70:   00007f1794dfe450 00000000ec800da0
0x00007f179c6cab80:   00007f179c6cab80 00000000bb228a9b
0x00007f179c6cab90:   00007f179c6cabc8 00000000bb2be3d0
0x00007f179c6caba0:   0000000000000000 00000000bb228ad8
0x00007f179c6cabb0:   00007f179c6cab78 00007f179c6cabd0
0x00007f179c6cabc0:   00007f179c6cac30 00007f1794df84f7
0x00007f179c6cabd0:   00007f1700001fa0 00007f179c6cacb0
0x00007f179c6cabe0:   00007f179c6cadc0 00007f1798008800
0x00007f179c6cabf0:   00007f179c6cad40 00007f17980093b8
0x00007f179c6cac00:   00007f179c6cac70 00007f179c6cadc8
0x00007f179c6cac10:   00007f170000000a 00000000bb228ad8
0x00007f179c6cac20:   00007f1794e083a0 00007f179c6cad48
0x00007f179c6cac30:   00007f179c6cad10 00007f179ce880fe
0x00007f179c6cac40:   00007f1700000000 00007f1798008800
0x00007f179c6cac50:   0000000a9c6cac70 00007f1794e083a0
0x00007f179c6cac60:   00007f179c6cac70 00007f1798008800
0x00007f179c6cac70:   00007f1798008800 00007f17980a8980
0x00007f179c6cac80:   00000000bb228ad8 0000000000000000
0x00007f179c6cac90:   00007f179c6cb6a0 00007f1794e09f64
0x00007f179c6caca0:   00007f179c6cb6f0 00007f179c6cadc0
0x00007f179c6cacb0:   00007f1798008800 00007f1798008550
0x00007f179c6cacc0:   00007f1798009210 00007f17980093c0
0x00007f179c6cacd0:   00007f17980095f8 00007f179c6caf20
0x00007f179c6cace0:   00007f179ce4ae83 00007f1798008800
0x00007f179c6cacf0:   00000000bb228ad8 00007f1798008550
0x00007f179c6cad00:   0000000000000000 00007f179c6cae90
0x00007f179c6cad10:   00007f179c6cad30 00007f179ce86d98
0x00007f179c6cad20:   00007f17980093b8 00000000bb228ad8
0x00007f179c6cad30:   00007f179c6cadf0 00007f179ce4b22e
0x00007f179c6cad40:   00007f179c6cad60 00007fff5dd46814
0x00007f179c6cad50:   00007f179c6cada0 0000000000000000
0x00007f179c6cad60:   00007f179c6cad80 00007fff5dd46814 

Instructions: (pc=0x0000000000000000)
0xffffffffffffffe0:   

Register to memory mapping:

RAX=0x0000000000000000 is an unknown value
RBX=0x00000000bb217c28 is an oop
{method} 
 - klass: {other class}
RCX=0x00000000ec800da0 is an oop
java.lang.Class 
 - klass: 'java/lang/Class'
RDX=0x000000000c800001 is an unknown value
RSP=0x00007f179c6cab70 is pointing into the stack for thread: 0x00007f1798008800
RBP=0x00007f179c6cabc0 is pointing into the stack for thread: 0x00007f1798008800
RSI=0x0000000000000000 is an unknown value
RDI=0x00007f1798008800 is a thread
R8 =0x00007f1798009408 is an unknown value
R9 =0x0000000000000001 is an unknown value
R10=0x00007f179d60c6e0: <offset 0xcbb6e0> in /usr/lib/jvm/java-1.7.0-openjdk-1.7.0.25.x86_64/jre/lib/amd64/server/libjvm.so at 0x00007f179c951000
R11=0x0000000000000001 is an unknown value
R12=0x0000000000000000 is an unknown value
R13=0x00007f179c6cab78 is pointing into the stack for thread: 0x00007f1798008800
R14=0x00007f179c6cabc8 is pointing into the stack for thread: 0x00007f1798008800
R15=0x00007f1798008800 is a thread


Stack: [0x00007f179c5cc000,0x00007f179c6cd000],  sp=0x00007f179c6cab70,  free space=1018k

---------------  P R O C E S S  ---------------

Java Threads: ( => current thread )
  0x00007f17980af800 JavaThread "Reference Handler" daemon [_thread_blocked, id=10505, stack(0x00007f179102d000,0x00007f179112e000)]
=>0x00007f1798008800 JavaThread "main" [_thread_in_Java, id=10490, stack(0x00007f179c5cc000,0x00007f179c6cd000)]

Other Threads:
  0x00007f17980a7000 VMThread [stack: 0x00007f179112e000,0x00007f179122f000] [id=10504]

VM state:not at safepoint (normal execution)

VM Mutex/Monitor currently owned by a thread: None

Heap
 PSYoungGen      total 17472K, used 300K [0x00000000ec800000, 0x00000000edb70000, 0x0000000100000000)
  eden space 15040K, 2% used [0x00000000ec800000,0x00000000ec84b3a0,0x00000000ed6b0000)
  from space 2432K, 0% used [0x00000000ed910000,0x00000000ed910000,0x00000000edb70000)
  to   space 2432K, 0% used [0x00000000ed6b0000,0x00000000ed6b0000,0x00000000ed910000)
 ParOldGen       total 39936K, used 0K [0x00000000c5800000, 0x00000000c7f00000, 0x00000000ec800000)
  object space 39936K, 0% used [0x00000000c5800000,0x00000000c5800000,0x00000000c7f00000)
 PSPermGen       total 21248K, used 918K [0x00000000bb200000, 0x00000000bc6c0000, 0x00000000c5800000)
  object space 21248K, 4% used [0x00000000bb200000,0x00000000bb2e59a0,0x00000000bc6c0000)

Card table byte_map: [0x00007f1794bd0000,0x00007f1794df8000] byte_map_base: 0x00007f17945f7000

Polling page: 0x00007f179d64f000

Code Cache  [0x00007f1794df8000, 0x00007f1795068000, 0x00007f1797df8000)
 total_blobs=61 nmethods=0 adapters=37 free_code_cache=48825Kb largest_free_block=49997376

Compilation events (0 events):
No events

GC Heap History (0 events):
No events

Deoptimization events (0 events):
No events

Internal exceptions (0 events):
No events

Events (10 events):
Event: 0.028 loading class 0x00007f179807b7a0 done
Event: 0.028 Thread 0x00007f17980af800 Thread added: 0x00007f17980af800
Event: 0.028 loading class 0x00007f179807b840
Event: 0.028 loading class 0x00007f179807b840 done
Event: 0.028 loading class 0x00007f17980b1600
Event: 0.028 loading class 0x00007f17980b1600 done
Event: 0.028 loading class 0x00007f17980b1590
Event: 0.028 loading class 0x00007f17980b1590 done
Event: 0.028 loading class 0x00007f179807c0a0
Event: 0.028 loading class 0x00007f179807c0a0 done


Dynamic libraries:
00400000-00401000 r-xp 00000000 08:01 311673                             /usr/lib/jvm/java-1.7.0-openjdk-1.7.0.25.x86_64/bin/java
00600000-00602000 rw-p 00000000 08:01 311673                             /usr/lib/jvm/java-1.7.0-openjdk-1.7.0.25.x86_64/bin/java
0226b000-0228c000 rw-p 00000000 00:00 0                                  [heap]
bb200000-bc6c0000 rw-p 00000000 00:00 0 
bc6c0000-c5800000 rw-p 00000000 00:00 0 
c5800000-c7f00000 rw-p 00000000 00:00 0 
c7f00000-ec800000 rw-p 00000000 00:00 0 
ec800000-edb70000 rw-p 00000000 00:00 0 
edb70000-100000000 rw-p 00000000 00:00 0 
3b99800000-3b99820000 r-xp 00000000 08:01 647211                         /lib64/ld-2.12.so
3b99a1f000-3b99a20000 r--p 0001f000 08:01 647211                         /lib64/ld-2.12.so
3b99a20000-3b99a21000 rw-p 00020000 08:01 647211                         /lib64/ld-2.12.so
3b99a21000-3b99a22000 rw-p 00000000 00:00 0 
3b99c00000-3b99c0d000 r-xp 00000000 08:01 226552                         /usr/lib/jvm/java-1.7.0-openjdk-1.7.0.25.x86_64/jre/lib/amd64/jli/libjli.so
3b99c0d000-3b99e0c000 ---p 0000d000 08:01 226552                         /usr/lib/jvm/java-1.7.0-openjdk-1.7.0.25.x86_64/jre/lib/amd64/jli/libjli.so
3b99e0c000-3b99e0d000 rw-p 0000c000 08:01 226552                         /usr/lib/jvm/java-1.7.0-openjdk-1.7.0.25.x86_64/jre/lib/amd64/jli/libjli.so
3b9a000000-3b9a18a000 r-xp 00000000 08:01 647232                         /lib64/libc-2.12.so
3b9a18a000-3b9a389000 ---p 0018a000 08:01 647232                         /lib64/libc-2.12.so
3b9a389000-3b9a38d000 r--p 00189000 08:01 647232                         /lib64/libc-2.12.so
3b9a38d000-3b9a38e000 rw-p 0018d000 08:01 647232                         /lib64/libc-2.12.so
3b9a38e000-3b9a393000 rw-p 00000000 00:00 0 
3b9a400000-3b9a402000 r-xp 00000000 08:01 647575                         /lib64/libdl-2.12.so
3b9a402000-3b9a602000 ---p 00002000 08:01 647575                         /lib64/libdl-2.12.so
3b9a602000-3b9a603000 r--p 00002000 08:01 647575                         /lib64/libdl-2.12.so
3b9a603000-3b9a604000 rw-p 00003000 08:01 647575                         /lib64/libdl-2.12.so
3b9a800000-3b9a817000 r-xp 00000000 08:01 647309                         /lib64/libpthread-2.12.so
3b9a817000-3b9aa17000 ---p 00017000 08:01 647309                         /lib64/libpthread-2.12.so
3b9aa17000-3b9aa18000 r--p 00017000 08:01 647309                         /lib64/libpthread-2.12.so
3b9aa18000-3b9aa19000 rw-p 00018000 08:01 647309                         /lib64/libpthread-2.12.so
3b9aa19000-3b9aa1d000 rw-p 00000000 00:00 0 
3b9ac00000-3b9ac15000 r-xp 00000000 08:01 647574                         /lib64/libz.so.1.2.3
3b9ac15000-3b9ae14000 ---p 00015000 08:01 647574                         /lib64/libz.so.1.2.3
3b9ae14000-3b9ae15000 r--p 00014000 08:01 647574                         /lib64/libz.so.1.2.3
3b9ae15000-3b9ae16000 rw-p 00015000 08:01 647574                         /lib64/libz.so.1.2.3
3b9b000000-3b9b007000 r-xp 00000000 08:01 647576                         /lib64/librt-2.12.so
3b9b007000-3b9b206000 ---p 00007000 08:01 647576                         /lib64/librt-2.12.so
3b9b206000-3b9b207000 r--p 00006000 08:01 647576                         /lib64/librt-2.12.so
3b9b207000-3b9b208000 rw-p 00007000 08:01 647576                         /lib64/librt-2.12.so
3b9b400000-3b9b40a000 r-xp 00000000 08:01 242576                         /lib64/libnss_nis-2.12.so
3b9b40a000-3b9b609000 ---p 0000a000 08:01 242576                         /lib64/libnss_nis-2.12.so
3b9b609000-3b9b60a000 r--p 00009000 08:01 242576                         /lib64/libnss_nis-2.12.so
3b9b60a000-3b9b60b000 rw-p 0000a000 08:01 242576                         /lib64/libnss_nis-2.12.so
3b9b800000-3b9b80c000 r-xp 00000000 08:01 241717                         /lib64/libnss_files-2.12.so
3b9b80c000-3b9ba0c000 ---p 0000c000 08:01 241717                         /lib64/libnss_files-2.12.so
3b9ba0c000-3b9ba0d000 r--p 0000c000 08:01 241717                         /lib64/libnss_files-2.12.so
3b9ba0d000-3b9ba0e000 rw-p 0000d000 08:01 241717                         /lib64/libnss_files-2.12.so
3ba0400000-3ba0416000 r-xp 00000000 08:01 647580                         /lib64/libgcc_s-4.4.7-20120601.so.1
3ba0416000-3ba0615000 ---p 00016000 08:01 647580                         /lib64/libgcc_s-4.4.7-20120601.so.1
3ba0615000-3ba0616000 rw-p 00015000 08:01 647580                         /lib64/libgcc_s-4.4.7-20120601.so.1
3ba0800000-3ba08e8000 r-xp 00000000 08:01 129870                         /usr/lib64/libstdc++.so.6.0.13
3ba08e8000-3ba0ae8000 ---p 000e8000 08:01 129870                         /usr/lib64/libstdc++.so.6.0.13
3ba0ae8000-3ba0aef000 r--p 000e8000 08:01 129870                         /usr/lib64/libstdc++.so.6.0.13
3ba0aef000-3ba0af1000 rw-p 000ef000 08:01 129870                         /usr/lib64/libstdc++.so.6.0.13
3ba0af1000-3ba0b06000 rw-p 00000000 00:00 0 
3baa400000-3baa416000 r-xp 00000000 08:01 237586                         /lib64/libnsl-2.12.so
3baa416000-3baa615000 ---p 00016000 08:01 237586                         /lib64/libnsl-2.12.so
3baa615000-3baa616000 r--p 00015000 08:01 237586                         /lib64/libnsl-2.12.so
3baa616000-3baa617000 rw-p 00016000 08:01 237586                         /lib64/libnsl-2.12.so
3baa617000-3baa619000 rw-p 00000000 00:00 0 
7f176c000000-7f176c021000 rw-p 00000000 00:00 0 
7f176c021000-7f1770000000 ---p 00000000 00:00 0 
7f1770000000-7f1770021000 rw-p 00000000 00:00 0 
7f1770021000-7f1774000000 ---p 00000000 00:00 0 
7f1774000000-7f1774021000 rw-p 00000000 00:00 0 
7f1774021000-7f1778000000 ---p 00000000 00:00 0 
7f177c000000-7f177c021000 rw-p 00000000 00:00 0 
7f177c021000-7f1780000000 ---p 00000000 00:00 0 
7f1784000000-7f1784021000 rw-p 00000000 00:00 0 
7f1784021000-7f1788000000 ---p 00000000 00:00 0 
7f1789b88000-7f178a424000 rw-p 00000000 00:00 0 
7f178c000000-7f178c021000 rw-p 00000000 00:00 0 
7f178c021000-7f1790000000 ---p 00000000 00:00 0 
7f1790f2c000-7f179102d000 rw-p 00000000 00:00 0 
7f179102d000-7f1791030000 ---p 00000000 00:00 0 
7f1791030000-7f179112e000 rw-p 00000000 00:00 0 
7f179112e000-7f179112f000 ---p 00000000 00:00 0 
7f179112f000-7f179224f000 rw-p 00000000 00:00 0 
7f179224f000-7f17923fc000 r--s 03e93000 08:01 225177                     /usr/lib/jvm/java-1.7.0-openjdk-1.7.0.25.x86_64/jre/lib/rt.jar
7f17923fc000-7f1794694000 rw-p 00000000 00:00 0 
7f1794694000-7f1794695000 ---p 00000000 00:00 0 
7f1794695000-7f1794795000 rw-p 00000000 00:00 0 
7f1794795000-7f1794796000 ---p 00000000 00:00 0 
7f1794796000-7f1794896000 rw-p 00000000 00:00 0 
7f1794896000-7f1794897000 ---p 00000000 00:00 0 
7f1794897000-7f1794997000 rw-p 00000000 00:00 0 
7f1794997000-7f1794998000 ---p 00000000 00:00 0 
7f1794998000-7f1794aac000 rw-p 00000000 00:00 0 
7f1794aac000-7f1794bd0000 rw-p 00000000 00:00 0 
7f1794bd0000-7f1794bdb000 rw-p 00000000 00:00 0 
7f1794bdb000-7f1794c23000 rw-p 00000000 00:00 0 
7f1794c23000-7f1794c37000 rw-p 00000000 00:00 0 
7f1794c37000-7f1794d5b000 rw-p 00000000 00:00 0 
7f1794d5b000-7f1794d65000 rw-p 00000000 00:00 0 
7f1794d65000-7f1794df7000 rw-p 00000000 00:00 0 
7f1794df7000-7f1794df8000 rw-p 00000000 00:00 0 
7f1794df8000-7f1795068000 rwxp 00000000 00:00 0 
7f1795068000-7f1797df8000 rw-p 00000000 00:00 0 
7f1797df8000-7f1797e00000 r-xp 00000000 08:01 225118                     /usr/lib/jvm/java-1.7.0-openjdk-1.7.0.25.x86_64/jre/lib/amd64/libzip.so
7f1797e00000-7f1797fff000 ---p 00008000 08:01 225118                     /usr/lib/jvm/java-1.7.0-openjdk-1.7.0.25.x86_64/jre/lib/amd64/libzip.so
7f1797fff000-7f1798000000 rw-p 00007000 08:01 225118                     /usr/lib/jvm/java-1.7.0-openjdk-1.7.0.25.x86_64/jre/lib/amd64/libzip.so
7f1798000000-7f17980b4000 rw-p 00000000 00:00 0 
7f17980b4000-7f179c000000 ---p 00000000 00:00 0 
7f179c080000-7f179c08b000 rw-p 00000000 00:00 0 
7f179c08b000-7f179c0d3000 rw-p 00000000 00:00 0 
7f179c0d3000-7f179c0dd000 rw-p 00000000 00:00 0 
7f179c0dd000-7f179c193000 rw-p 00000000 00:00 0 
7f179c193000-7f179c1bc000 r-xp 00000000 08:01 225095                     /usr/lib/jvm/java-1.7.0-openjdk-1.7.0.25.x86_64/jre/lib/amd64/libjava.so
7f179c1bc000-7f179c3bb000 ---p 00029000 08:01 225095                     /usr/lib/jvm/java-1.7.0-openjdk-1.7.0.25.x86_64/jre/lib/amd64/libjava.so
7f179c3bb000-7f179c3bd000 rw-p 00028000 08:01 225095                     /usr/lib/jvm/java-1.7.0-openjdk-1.7.0.25.x86_64/jre/lib/amd64/libjava.so
7f179c3bd000-7f179c3ca000 r-xp 00000000 08:01 225117                     /usr/lib/jvm/java-1.7.0-openjdk-1.7.0.25.x86_64/jre/lib/amd64/libverify.so
7f179c3ca000-7f179c5ca000 ---p 0000d000 08:01 225117                     /usr/lib/jvm/java-1.7.0-openjdk-1.7.0.25.x86_64/jre/lib/amd64/libverify.so
7f179c5ca000-7f179c5cc000 rw-p 0000d000 08:01 225117                     /usr/lib/jvm/java-1.7.0-openjdk-1.7.0.25.x86_64/jre/lib/amd64/libverify.so
7f179c5cc000-7f179c5cf000 ---p 00000000 00:00 0 
7f179c5cf000-7f179c6cd000 rw-p 00000000 00:00 0 
7f179c6cd000-7f179c750000 r-xp 00000000 08:01 647579                     /lib64/libm-2.12.so
7f179c750000-7f179c94f000 ---p 00083000 08:01 647579                     /lib64/libm-2.12.so
7f179c94f000-7f179c950000 r--p 00082000 08:01 647579                     /lib64/libm-2.12.so
7f179c950000-7f179c951000 rw-p 00083000 08:01 647579                     /lib64/libm-2.12.so
7f179c951000-7f179d35a000 r-xp 00000000 08:01 225122                     /usr/lib/jvm/java-1.7.0-openjdk-1.7.0.25.x86_64/jre/lib/amd64/server/libjvm.so
7f179d35a000-7f179d55a000 ---p 00a09000 08:01 225122                     /usr/lib/jvm/java-1.7.0-openjdk-1.7.0.25.x86_64/jre/lib/amd64/server/libjvm.so
7f179d55a000-7f179d5fb000 rw-p 00a09000 08:01 225122                     /usr/lib/jvm/java-1.7.0-openjdk-1.7.0.25.x86_64/jre/lib/amd64/server/libjvm.so
7f179d5fb000-7f179d629000 rw-p 00000000 00:00 0 
7f179d646000-7f179d64e000 rw-s 00000000 08:01 191546                     /tmp/hsperfdata_jwenzel1/10488
7f179d64e000-7f179d64f000 rw-p 00000000 00:00 0 
7f179d64f000-7f179d650000 r--p 00000000 00:00 0 
7f179d650000-7f179d651000 rw-p 00000000 00:00 0 
7fff5dc3f000-7fff5dc54000 rw-p 00000000 00:00 0                          [stack]
7fff5dd46000-7fff5dd47000 r-xp 00000000 00:00 0                          [vdso]
ffffffffff600000-ffffffffff601000 r-xp 00000000 00:00 0                  [vsyscall]

VM Arguments:
jvm_args: -Dfile.encoding=UTF-8 
java_command: lab6.Lab6
Launcher Type: SUN_STANDARD

Environment Variables:
PATH=/afs/umbc.edu/users/j/w/jwenzel1/home/bin:/usr/bsd:/usr/bin:/bin:/usr/sbin:/sbin:/usr/bin/X11:/usr/local/X11:/etc:/usr/etc:.:/usr/kerberos/bin:/usr/k5/bin:/usr/afsws/bin:/bin:/usr/java/bin:/usr/local/bin
SHELL=/bin/tcsh
DISPLAY=:0.0
HOSTTYPE=x86_64-linux
OSTYPE=linux
MACHTYPE=x86_64

Signal Handlers:
SIGSEGV: [libjvm.so+0x86e280], sa_mask[0]=0x7ffbfeff, sa_flags=0x10000004
SIGBUS: [libjvm.so+0x86e280], sa_mask[0]=0x7ffbfeff, sa_flags=0x10000004
SIGFPE: [libjvm.so+0x716d30], sa_mask[0]=0x7ffbfeff, sa_flags=0x10000004
SIGPIPE: [libjvm.so+0x716d30], sa_mask[0]=0x7ffbfeff, sa_flags=0x10000004
SIGXFSZ: [libjvm.so+0x716d30], sa_mask[0]=0x7ffbfeff, sa_flags=0x10000004
SIGILL: [libjvm.so+0x716d30], sa_mask[0]=0x7ffbfeff, sa_flags=0x10000004
SIGUSR1: SIG_DFL, sa_mask[0]=0x00000000, sa_flags=0x00000000
SIGUSR2: [libjvm.so+0x716850], sa_mask[0]=0x00000004, sa_flags=0x10000004
SIGHUP: SIG_DFL, sa_mask[0]=0x00000000, sa_flags=0x00000000
SIGINT: SIG_DFL, sa_mask[0]=0x00000000, sa_flags=0x00000000
SIGTERM: SIG_DFL, sa_mask[0]=0x00000000, sa_flags=0x00000000
SIGQUIT: SIG_DFL, sa_mask[0]=0x00000000, sa_flags=0x00000000


---------------  S Y S T E M  ---------------

OS:Red Hat Enterprise Linux Workstation release 6.4 (Santiago)

uname:Linux 2.6.32-358.18.1.el6.x86_64 #1 SMP Fri Aug 2 17:04:38 EDT 2013 x86_64
libc:glibc 2.12 NPTL 2.12 
rlimit: STACK 10240k, CORE 0k, NPROC 150, NOFILE 4096, AS infinity
load average:0.00 0.00 0.03

/proc/meminfo:
MemTotal:        3827956 kB
MemFree:         1183492 kB
Buffers:          102176 kB
Cached:          1544820 kB
SwapCached:            0 kB
Active:          1870624 kB
Inactive:         497000 kB
Active(anon):     720932 kB
Inactive(anon):     4576 kB
Active(file):    1149692 kB
Inactive(file):   492424 kB
Unevictable:           0 kB
Mlocked:               0 kB
SwapTotal:             0 kB
SwapFree:              0 kB
Dirty:                96 kB
Writeback:             0 kB
AnonPages:        712392 kB
Mapped:           100676 kB
Shmem:              4864 kB
Slab:             196328 kB
SReclaimable:     157124 kB
SUnreclaim:        39204 kB
KernelStack:        3104 kB
PageTables:        27904 kB
NFS_Unstable:          0 kB
Bounce:                0 kB
WritebackTmp:          0 kB
CommitLimit:     1913976 kB
Committed_AS:    1614108 kB
VmallocTotal:   34359738367 kB
VmallocUsed:       87604 kB
VmallocChunk:   34359572700 kB
HardwareCorrupted:     0 kB
AnonHugePages:    544768 kB
HugePages_Total:       0
HugePages_Free:        0
HugePages_Rsvd:        0
HugePages_Surp:        0
Hugepagesize:       2048 kB
DirectMap4k:        6144 kB
DirectMap2M:     4098048 kB


CPU:total 4 (2 cores per cpu, 2 threads per core) family 6 model 42 stepping 7, cmov, cx8, fxsr, mmx, sse, sse2, sse3, ssse3, sse4.1, sse4.2, popcnt, avx, ht, tsc, tscinvbit

/proc/cpuinfo:
processor	: 0
vendor_id	: GenuineIntel
cpu family	: 6
model		: 42
model name	: Intel(R) Core(TM) i3-2120 CPU @ 3.30GHz
stepping	: 7
cpu MHz		: 3300.000
cache size	: 3072 KB
physical id	: 0
siblings	: 4
core id		: 0
cpu cores	: 2
apicid		: 0
initial apicid	: 0
fpu		: yes
fpu_exception	: yes
cpuid level	: 13
wp		: yes
flags		: fpu vme de pse tsc msr pae mce cx8 apic sep mtrr pge mca cmov pat pse36 clflush dts acpi mmx fxsr sse sse2 ss ht tm pbe syscall nx rdtscp lm constant_tsc arch_perfmon pebs bts rep_good xtopology nonstop_tsc aperfmperf pni pclmulqdq dtes64 monitor ds_cpl vmx est tm2 ssse3 cx16 xtpr pdcm pcid sse4_1 sse4_2 popcnt tsc_deadline_timer xsave avx lahf_lm arat epb xsaveopt pln pts dts tpr_shadow vnmi flexpriority ept vpid
bogomips	: 6585.33
clflush size	: 64
cache_alignment	: 64
address sizes	: 36 bits physical, 48 bits virtual
power management:

processor	: 1
vendor_id	: GenuineIntel
cpu family	: 6
model		: 42
model name	: Intel(R) Core(TM) i3-2120 CPU @ 3.30GHz
stepping	: 7
cpu MHz		: 1600.000
cache size	: 3072 KB
physical id	: 0
siblings	: 4
core id		: 1
cpu cores	: 2
apicid		: 2
initial apicid	: 2
fpu		: yes
fpu_exception	: yes
cpuid level	: 13
wp		: yes
flags		: fpu vme de pse tsc msr pae mce cx8 apic sep mtrr pge mca cmov pat pse36 clflush dts acpi mmx fxsr sse sse2 ss ht tm pbe syscall nx rdtscp lm constant_tsc arch_perfmon pebs bts rep_good xtopology nonstop_tsc aperfmperf pni pclmulqdq dtes64 monitor ds_cpl vmx est tm2 ssse3 cx16 xtpr pdcm pcid sse4_1 sse4_2 popcnt tsc_deadline_timer xsave avx lahf_lm arat epb xsaveopt pln pts dts tpr_shadow vnmi flexpriority ept vpid
bogomips	: 6585.33
clflush size	: 64
cache_alignment	: 64
address sizes	: 36 bits physical, 48 bits virtual
power management:

processor	: 2
vendor_id	: GenuineIntel
cpu family	: 6
model		: 42
model name	: Intel(R) Core(TM) i3-2120 CPU @ 3.30GHz
stepping	: 7
cpu MHz		: 3300.000
cache size	: 3072 KB
physical id	: 0
siblings	: 4
core id		: 0
cpu cores	: 2
apicid		: 1
initial apicid	: 1
fpu		: yes
fpu_exception	: yes
cpuid level	: 13
wp		: yes
flags		: fpu vme de pse tsc msr pae mce cx8 apic sep mtrr pge mca cmov pat pse36 clflush dts acpi mmx fxsr sse sse2 ss ht tm pbe syscall nx rdtscp lm constant_tsc arch_perfmon pebs bts rep_good xtopology nonstop_tsc aperfmperf pni pclmulqdq dtes64 monitor ds_cpl vmx est tm2 ssse3 cx16 xtpr pdcm pcid sse4_1 sse4_2 popcnt tsc_deadline_timer xsave avx lahf_lm arat epb xsaveopt pln pts dts tpr_shadow vnmi flexpriority ept vpid
bogomips	: 6585.33
clflush size	: 64
cache_alignment	: 64
address sizes	: 36 bits physical, 48 bits virtual
power management:

processor	: 3
vendor_id	: GenuineIntel
cpu family	: 6
model		: 42
model name	: Intel(R) Core(TM) i3-2120 CPU @ 3.30GHz
stepping	: 7
cpu MHz		: 3300.000
cache size	: 3072 KB
physical id	: 0
siblings	: 4
core id		: 1
cpu cores	: 2
apicid		: 3
initial apicid	: 3
fpu		: yes
fpu_exception	: yes
cpuid level	: 13
wp		: yes
flags		: fpu vme de pse tsc msr pae mce cx8 apic sep mtrr pge mca cmov pat pse36 clflush dts acpi mmx fxsr sse sse2 ss ht tm pbe syscall nx rdtscp lm constant_tsc arch_perfmon pebs bts rep_good xtopology nonstop_tsc aperfmperf pni pclmulqdq dtes64 monitor ds_cpl vmx est tm2 ssse3 cx16 xtpr pdcm pcid sse4_1 sse4_2 popcnt tsc_deadline_timer xsave avx lahf_lm arat epb xsaveopt pln pts dts tpr_shadow vnmi flexpriority ept vpid
bogomips	: 6585.33
clflush size	: 64
cache_alignment	: 64
address sizes	: 36 bits physical, 48 bits virtual
power management:



Memory: 4k page, physical 3827956k(1183244k free), swap 0k(0k free)

vm_info: OpenJDK 64-Bit Server VM (23.7-b01) for linux-amd64 JRE (1.7.0_25-mockbuild_2013_06_26_07_26-b00), built on Jun 26 2013 07:29:31 by "mockbuild" with gcc 4.4.7 20120313 (Red Hat 4.4.7-3)

time: Thu Oct 17 14:58:39 2013
elapsed time: 0 seconds

